TN:
SF:/Users/cherri-jack/Desktop/Jack/cucumber-example/features/step_definition/counter.js
FN:15,(anonymous_0)
FN:19,(anonymous_1)
FN:23,(anonymous_2)
FN:27,(anonymous_3)
FN:38,(anonymous_4)
FN:42,(anonymous_5)
FN:46,(anonymous_6)
FNF:7
FNH:6
FNDA:6,(anonymous_0)
FNDA:6,(anonymous_1)
FNDA:6,(anonymous_2)
FNDA:0,(anonymous_3)
FNDA:6,(anonymous_4)
FNDA:6,(anonymous_5)
FNDA:6,(anonymous_6)
DA:2,1
DA:3,1
DA:4,1
DA:5,1
DA:6,1
DA:7,1
DA:8,1
DA:15,1
DA:16,6
DA:19,1
DA:20,6
DA:23,1
DA:24,6
DA:27,1
DA:28,0
DA:31,1
DA:38,1
DA:39,6
DA:42,1
DA:43,6
DA:46,1
DA:47,6
LF:22
LH:21
BRF:0
BRH:0
end_of_record
